<?xml version="1.0" encoding="UTF-8"?>
<!-- Generated by org.testng.reporters.JUnitReportReporter -->
<testsuite hostname="DESKTOP-DN3ISU6" failures="0" tests="2" name="com.testNG.NewTestNG_project" time="0.043" errors="0" timestamp="2023-07-17T22:39:36 IST" skipped="0">
  <testcase classname="com.testNG.NewTestNG_project" name="f" time="0.019"/>
  <testcase classname="com.testNG.NewTestNG_project" name="f" time="0.024"/>
</testsuite> <!-- com.testNG.NewTestNG_project -->
